Flow report for DE10_LITE_Golden_Top
Wed Mar 22 22:53:08 2023
Quartus Prime Version 20.1.0 Build 711 06/05/2020 SJ Lite Edition


---------------------
; Table of Contents ;
---------------------
  1. Legal Notice
  2. Flow Summary
  3. Flow Settings
  4. Flow Non-Default Global Settings
  5. Flow Elapsed Time
  6. Flow OS Summary
  7. Flow Log
  8. Flow Messages
  9. Flow Suppressed Messages



----------------
; Legal Notice ;
----------------
Copyright (C) 2020  Intel Corporation. All rights reserved.
Your use of Intel Corporation's design tools, logic functions 
and other software and tools, and any partner logic 
functions, and any output files from any of the foregoing 
(including device programming or simulation files), and any 
associated documentation or information are expressly subject 
to the terms and conditions of the Intel Program License 
Subscription Agreement, the Intel Quartus Prime License Agreement,
the Intel FPGA IP License Agreement, or other applicable license
agreement, including, without limitation, that your use is for
the sole purpose of programming logic devices manufactured by
Intel and sold by Intel or its authorized distributors.  Please
refer to the applicable agreement for further details, at
https://fpgasoftware.intel.com/eula.



+----------------------------------------------------------------------------------+
; Flow Summary                                                                     ;
+------------------------------------+---------------------------------------------+
; Flow Status                        ; Successful - Wed Mar 22 22:53:03 2023       ;
; Quartus Prime Version              ; 20.1.0 Build 711 06/05/2020 SJ Lite Edition ;
; Revision Name                      ; DE10_LITE_Golden_Top                        ;
; Top-level Entity Name              ; DE10_LITE_Golden_Top                        ;
; Family                             ; MAX 10                                      ;
; Device                             ; 10M50DAF484C6GES                            ;
; Timing Models                      ; Preliminary                                 ;
; Total logic elements               ; 2,806 / 49,760 ( 6 % )                      ;
;     Total combinational functions  ; 2,529 / 49,760 ( 5 % )                      ;
;     Dedicated logic registers      ; 1,688 / 49,760 ( 3 % )                      ;
; Total registers                    ; 1688                                        ;
; Total pins                         ; 185 / 360 ( 51 % )                          ;
; Total virtual pins                 ; 0                                           ;
; Total memory bits                  ; 535,552 / 1,677,312 ( 32 % )                ;
; Embedded Multiplier 9-bit elements ; 0 / 288 ( 0 % )                             ;
; Total PLLs                         ; 0 / 4 ( 0 % )                               ;
; UFM blocks                         ; 0 / 1 ( 0 % )                               ;
; ADC blocks                         ; 0 / 2 ( 0 % )                               ;
+------------------------------------+---------------------------------------------+


+------------------------------------------+
; Flow Settings                            ;
+-------------------+----------------------+
; Option            ; Setting              ;
+-------------------+----------------------+
; Start date & time ; 03/22/2023 22:51:50  ;
; Main task         ; Compilation          ;
; Revision Name     ; DE10_LITE_Golden_Top ;
+-------------------+----------------------+


+--------------------------------------------------------------------------------------------------------------------------------------------------------------+
; Flow Non-Default Global Settings                                                                                                                             ;
+-------------------------------------+----------------------------------------------------------------------+---------------+--------------------+------------+
; Assignment Name                     ; Value                                                                ; Default Value ; Entity Name        ; Section Id ;
+-------------------------------------+----------------------------------------------------------------------+---------------+--------------------+------------+
; COMPILER_SIGNATURE_ID               ; 172309002127623.167952551052000                                      ; --            ; --                 ; --         ;
; MAX_CORE_JUNCTION_TEMP              ; 85                                                                   ; --            ; --                 ; --         ;
; MIN_CORE_JUNCTION_TEMP              ; 0                                                                    ; --            ; --                 ; --         ;
; MISC_FILE                           ; nios_accelerometer/synthesis/../nios_accelerometer.cmp               ; --            ; --                 ; --         ;
; MISC_FILE                           ; nios_accelerometer/synthesis/../../nios_accelerometer.qsys           ; --            ; --                 ; --         ;
; OUTPUT_IO_TIMING_FAR_END_VMEAS      ; Half Signal Swing                                                    ; --            ; --                 ; --         ;
; OUTPUT_IO_TIMING_FAR_END_VMEAS      ; Half Signal Swing                                                    ; --            ; --                 ; --         ;
; OUTPUT_IO_TIMING_NEAR_END_VMEAS     ; Half Vccio                                                           ; --            ; --                 ; --         ;
; OUTPUT_IO_TIMING_NEAR_END_VMEAS     ; Half Vccio                                                           ; --            ; --                 ; --         ;
; PARTITION_COLOR                     ; -- (Not supported for targeted family)                               ; --            ; --                 ; Top        ;
; PARTITION_FITTER_PRESERVATION_LEVEL ; -- (Not supported for targeted family)                               ; --            ; --                 ; Top        ;
; PARTITION_NETLIST_TYPE              ; -- (Not supported for targeted family)                               ; --            ; --                 ; Top        ;
; POWER_BOARD_THERMAL_MODEL           ; None (CONSERVATIVE)                                                  ; --            ; --                 ; --         ;
; POWER_PRESET_COOLING_SOLUTION       ; 23 MM HEAT SINK WITH 200 LFPM AIRFLOW                                ; --            ; --                 ; --         ;
; SLD_FILE                            ; nios_accelerometer/synthesis/nios_accelerometer.regmap               ; --            ; --                 ; --         ;
; SLD_FILE                            ; nios_accelerometer/synthesis/nios_accelerometer.debuginfo            ; --            ; --                 ; --         ;
; SLD_INFO                            ; QSYS_NAME nios_accelerometer HAS_SOPCINFO 1 GENERATION_ID 1679525463 ; --            ; nios_accelerometer ; --         ;
; SOPCINFO_FILE                       ; nios_accelerometer/synthesis/../../nios_accelerometer.sopcinfo       ; --            ; --                 ; --         ;
; SYNTHESIS_ONLY_QIP                  ; On                                                                   ; --            ; --                 ; --         ;
+-------------------------------------+----------------------------------------------------------------------+---------------+--------------------+------------+


+--------------------------------------------------------------------------------------------------------------------------+
; Flow Elapsed Time                                                                                                        ;
+----------------------+--------------+-------------------------+---------------------+------------------------------------+
; Module Name          ; Elapsed Time ; Average Processors Used ; Peak Virtual Memory ; Total CPU Time (on all processors) ;
+----------------------+--------------+-------------------------+---------------------+------------------------------------+
; Analysis & Synthesis ; 00:00:46     ; 1.0                     ; 573 MB              ; 00:01:44                           ;
; Fitter               ; 00:00:18     ; 1.3                     ; 1162 MB             ; 00:00:29                           ;
; Assembler            ; 00:00:04     ; 1.0                     ; 385 MB              ; 00:00:04                           ;
; Timing Analyzer      ; 00:00:05     ; 1.7                     ; 554 MB              ; 00:00:07                           ;
; Total                ; 00:01:13     ; --                      ; --                  ; 00:02:24                           ;
+----------------------+--------------+-------------------------+---------------------+------------------------------------+


+-----------------------------------------------------------------------------------------+
; Flow OS Summary                                                                         ;
+----------------------+-------------------+----------------+------------+----------------+
; Module Name          ; Machine Hostname  ; OS Name        ; OS Version ; Processor type ;
+----------------------+-------------------+----------------+------------+----------------+
; Analysis & Synthesis ; XPS-15-9560-luigi ; Ubuntu 22.04.1 ; 22         ; x86_64         ;
; Fitter               ; XPS-15-9560-luigi ; Ubuntu 22.04.1 ; 22         ; x86_64         ;
; Assembler            ; XPS-15-9560-luigi ; Ubuntu 22.04.1 ; 22         ; x86_64         ;
; Timing Analyzer      ; XPS-15-9560-luigi ; Ubuntu 22.04.1 ; 22         ; x86_64         ;
+----------------------+-------------------+----------------+------------+----------------+


------------
; Flow Log ;
------------
quartus_map --read_settings_files=on --write_settings_files=off DE10_LITE_Golden_Top -c DE10_LITE_Golden_Top
quartus_fit --read_settings_files=off --write_settings_files=off DE10_LITE_Golden_Top -c DE10_LITE_Golden_Top
quartus_asm --read_settings_files=off --write_settings_files=off DE10_LITE_Golden_Top -c DE10_LITE_Golden_Top
quartus_sta DE10_LITE_Golden_Top -c DE10_LITE_Golden_Top



